c:\users\jerom\source\repos\gbemu\gbemu\gameboyemu\debug\gameboyemu.pch
c:\users\jerom\source\repos\gbemu\gbemu\gameboyemu\debug\vc141.pdb
c:\users\jerom\source\repos\gbemu\gbemu\gameboyemu\debug\vc141.idb
c:\users\jerom\source\repos\gbemu\gbemu\gameboyemu\debug\stdafx.obj
c:\users\jerom\source\repos\gbemu\gbemu\gameboyemu\debug\cpu.obj
c:\users\jerom\source\repos\gbemu\gbemu\gameboyemu\debug\gameboyemu.obj
c:\users\jerom\source\repos\gbemu\gbemu\gameboyemu\debug\ram.obj
c:\users\jerom\source\repos\gbemu\gbemu\gameboyemu\debug\tools.obj
c:\users\jerom\source\repos\gbemu\gbemu\debug\gameboyemu.pdb
c:\users\jerom\source\repos\gbemu\gbemu\gameboyemu\debug\gameboyemu.tlog\cl.command.1.tlog
c:\users\jerom\source\repos\gbemu\gbemu\gameboyemu\debug\gameboyemu.tlog\cl.read.1.tlog
c:\users\jerom\source\repos\gbemu\gbemu\gameboyemu\debug\gameboyemu.tlog\cl.write.1.tlog
c:\users\jerom\source\repos\gbemu\gbemu\gameboyemu\debug\gameboyemu.tlog\link-cvtres.read.1.tlog
c:\users\jerom\source\repos\gbemu\gbemu\gameboyemu\debug\gameboyemu.tlog\link-cvtres.write.1.tlog
c:\users\jerom\source\repos\gbemu\gbemu\gameboyemu\debug\gameboyemu.tlog\link-rc.read.1.tlog
c:\users\jerom\source\repos\gbemu\gbemu\gameboyemu\debug\gameboyemu.tlog\link-rc.write.1.tlog
c:\users\jerom\source\repos\gbemu\gbemu\gameboyemu\debug\gameboyemu.tlog\link.2444-cvtres.read.1.tlog
c:\users\jerom\source\repos\gbemu\gbemu\gameboyemu\debug\gameboyemu.tlog\link.2444-cvtres.write.1.tlog
c:\users\jerom\source\repos\gbemu\gbemu\gameboyemu\debug\gameboyemu.tlog\link.2444-rc.read.1.tlog
c:\users\jerom\source\repos\gbemu\gbemu\gameboyemu\debug\gameboyemu.tlog\link.2444-rc.write.1.tlog
c:\users\jerom\source\repos\gbemu\gbemu\gameboyemu\debug\gameboyemu.tlog\link.2444.read.1.tlog
c:\users\jerom\source\repos\gbemu\gbemu\gameboyemu\debug\gameboyemu.tlog\link.2444.write.1.tlog
c:\users\jerom\source\repos\gbemu\gbemu\gameboyemu\debug\gameboyemu.tlog\link.command.1.tlog
c:\users\jerom\source\repos\gbemu\gbemu\gameboyemu\debug\gameboyemu.tlog\link.read.1.tlog
c:\users\jerom\source\repos\gbemu\gbemu\gameboyemu\debug\gameboyemu.tlog\link.write.1.tlog
